<?xml version="1.0" encoding="UTF-8"?>
<!-- Generated by org.testng.reporters.JUnitReportReporter -->
<testsuite skipped="0" hostname="sangeeth-s" name="testcases.Invalidlogin" tests="3" failures="0" timestamp="2022-07-13T18:23:54 IST" time="24.654" errors="0">
  <testcase name="loginTest3" time="10.370" classname="testcases.Invalidlogin"/>
  <system-out/>
  <testcase name="loginTest2" time="8.164" classname="testcases.Invalidlogin"/>
  <system-out/>
  <testcase name="loginTest4" time="6.120" classname="testcases.Invalidlogin"/>
  <system-out/>
</testsuite> <!-- testcases.Invalidlogin -->
