<?xml version="1.0" encoding="UTF-8"?>
<!-- Generated by org.testng.reporters.JUnitReportReporter -->
<testsuite skipped="0" hostname="sangeeth-s" name="testcases.LoginTest" tests="3" failures="0" timestamp="2022-08-01T12:35:26 IST" time="18.438" errors="0">
  <testcase name="getInvalidLogin" time="4.754" classname="testcases.LoginTest"/>
  <system-out/>
  <testcase name="getInvalidLogin" time="5.543" classname="testcases.LoginTest"/>
  <system-out/>
  <testcase name="getResetCheck" time="8.141" classname="testcases.LoginTest"/>
  <system-out/>
</testsuite> <!-- testcases.LoginTest -->
