<?xml version="1.0" encoding="UTF-8"?>
<!-- Generated by org.testng.reporters.JUnitReportReporter -->
<testsuite skipped="0" hostname="sangeeth-s" name="testcases.DeductionTest" tests="3" failures="0" timestamp="2022-07-25T17:02:43 IST" time="35.049" errors="0">
  <testcase name="add_deduction" time="15.498" classname="testcases.DeductionTest"/>
  <system-out/>
  <testcase name="getDeductionUpdate" time="9.865" classname="testcases.DeductionTest"/>
  <system-out/>
  <testcase name="deductioncheck" time="9.686" classname="testcases.DeductionTest"/>
  <system-out/>
</testsuite> <!-- testcases.DeductionTest -->
