<?xml version="1.0" encoding="UTF-8"?>
<!-- Generated by org.testng.reporters.JUnitReportReporter -->
<testsuite skipped="0" hostname="sangeeth-s" name="testcases.CreateClientTest" tests="3" failures="0" timestamp="2022-07-25T16:18:16 IST" time="43.783" errors="0">
  <testcase name="getDetailsSave" time="17.740" classname="testcases.CreateClientTest"/>
  <system-out/>
  <testcase name="getMandatoryDetailsOfClient" time="18.336" classname="testcases.CreateClientTest"/>
  <system-out/>
  <testcase name="getValidationMsg" time="7.707" classname="testcases.CreateClientTest"/>
  <system-out/>
</testsuite> <!-- testcases.CreateClientTest -->
