<?xml version="1.0" encoding="UTF-8"?>
<!-- Generated by org.testng.reporters.JUnitReportReporter -->
<testsuite skipped="0" hostname="sangeeth-s" name="testcases.CreateClientTest" tests="3" failures="0" timestamp="2022-08-01T12:03:28 IST" time="42.459" errors="0">
  <testcase name="getMandatoryDetailsOfClient" time="18.452" classname="testcases.CreateClientTest"/>
  <system-out/>
  <testcase name="getDetailsSave" time="16.386" classname="testcases.CreateClientTest"/>
  <system-out/>
  <testcase name="getValidationMsg" time="7.621" classname="testcases.CreateClientTest"/>
  <system-out/>
</testsuite> <!-- testcases.CreateClientTest -->
