<?xml version="1.0" encoding="UTF-8"?>
<!-- Generated by org.testng.reporters.JUnitReportReporter -->
<testsuite skipped="0" hostname="sangeeth-s" name="testcases.LoginTest" tests="7" failures="0" timestamp="2022-07-26T17:35:59 IST" time="38.593" errors="0">
  <testcase name="getResetCheck" time="4.355" classname="testcases.LoginTest"/>
  <system-out/>
  <testcase name="getCancelButton" time="6.091" classname="testcases.LoginTest"/>
  <system-out/>
  <testcase name="getloginInvalidCredentials" time="5.009" classname="testcases.LoginTest"/>
  <system-out/>
  <testcase name="getloginValidCredentials" time="9.504" classname="testcases.LoginTest"/>
  <system-out/>
  <testcase name="getloginEmptyFields" time="3.947" classname="testcases.LoginTest"/>
  <system-out/>
  <testcase name="getInvalidLogin" time="4.486" classname="testcases.LoginTest"/>
  <system-out/>
  <testcase name="getInvalidLogin" time="5.201" classname="testcases.LoginTest"/>
  <system-out/>
</testsuite> <!-- testcases.LoginTest -->
