<?xml version="1.0" encoding="UTF-8"?>
<!-- Generated by org.testng.reporters.JUnitReportReporter -->
<testsuite skipped="0" hostname="sangeeth-s" name="testcases.WorkerTest" tests="5" failures="0" timestamp="2022-08-03T08:49:39 IST" time="49.198" errors="0">
  <testcase name="getResetWorker" time="8.836" classname="testcases.WorkerTest"/>
  <system-out/>
  <testcase name="deleteWorker" time="7.912" classname="testcases.WorkerTest"/>
  <system-out/>
  <testcase name="getSearchWorker" time="8.966" classname="testcases.WorkerTest"/>
  <system-out/>
  <testcase name="updateWorker" time="10.204" classname="testcases.WorkerTest"/>
  <system-out/>
  <testcase name="viewWorker" time="13.280" classname="testcases.WorkerTest"/>
  <system-out/>
</testsuite> <!-- testcases.WorkerTest -->
